make all --print-data-base --no-builtin-variables --no-builtin-rules --question
# GNU Make 4.3
# Built for x86_64-pc-linux-gnu
# Copyright (C) 1988-2020 Free Software Foundation, Inc.
# License GPLv3+: GNU GPL version 3 or later <http://gnu.org/licenses/gpl.html>
# This is free software: you are free to change and redistribute it.
# There is NO WARRANTY, to the extent permitted by law.
 

# Make data base, printed on Sat Jun 18 01:57:48 2022

# Variables

# environment
GDK_BACKEND = x11
# environment
LC_ALL = C
# environment
NO_AT_BRIDGE = 1
# environment
VSCODE_IPC_HOOK_EXTHOST = /run/user/1000/vscode-ipc-e5f7e88d-b639-4e29-966f-147a2c6e6903.sock
# environment
VSCODE_CWD = /home/heacker
# environment
WINDOWPATH = 1
# default
MAKE_COMMAND := make
# automatic
@D = $(patsubst %/,%,$(dir $@))
# environment
VSCODE_HANDLES_UNCAUGHT_ERRORS = true
# default
.VARIABLES := 
# environment
PWD = /home/heacker/git-repos/trsh
# automatic
%D = $(patsubst %/,%,$(dir $%))
# environment
MAIL = /var/spool/mail/heacker
# automatic
^D = $(patsubst %/,%,$(dir $^))
# environment
VSCODE_LOG_STACK = false
# automatic
%F = $(notdir $%)
# environment
VSCODE_CODE_CACHE_PATH = /home/heacker/.config/VSCodium/CachedData/30d9c6cd9483b2cc586687151bcbcd635f373630
# environment
LANG = C
# environment
XAUTHORITY = /home/heacker/.Xauthority
# default
.LOADED := 
# default
.INCLUDE_DIRS = /usr/include /usr/local/include /usr/include
# makefile
MAKEFLAGS = pqrR
# makefile
CURDIR := /home/heacker/git-repos/trsh
# environment
VSCODE_PIPE_LOGGING = true
# environment
APPLICATION_INSIGHTS_NO_DIAGNOSTIC_CHANNEL = true
# automatic
*D = $(patsubst %/,%,$(dir $*))
# environment
MFLAGS = -pqrR
# default
.SHELLFLAGS := -c
# automatic
+D = $(patsubst %/,%,$(dir $+))
# makefile (from 'makefile', line 1)
MAKEFILE_LIST := makefile
# automatic
@F = $(notdir $@)
# environment
LC_COLLATE = C
# environment
VSCODE_VERBOSE_LOGGING = true
# environment
VSCODE_PID = 24579
# environment
XDG_SESSION_TYPE = tty
# automatic
?D = $(patsubst %/,%,$(dir $?))
# automatic
*F = $(notdir $*)
# environment
CHROME_DESKTOP = codium-url-handler.desktop
# environment
DBUS_SESSION_BUS_ADDRESS = unix:path=/run/user/1000/bus
# automatic
<D = $(patsubst %/,%,$(dir $<))
# environment
VSCODE_NLS_CONFIG = {"locale":"en-us","availableLanguages":{},"_languagePackSupport":true}
# default
MAKE_HOST := x86_64-pc-linux-gnu
# makefile
SHELL = /bin/sh
# default
MAKECMDGOALS := all
# environment
DOTNET_BUNDLE_EXTRACT_BASE_DIR = /home/heacker/.cache/dotnet_bundle_extract
# environment
SHLVL = 3
# environment
MAKELEVEL := 0
# default
MAKE = $(MAKE_COMMAND)
# environment
PATH = /usr/local/sbin:/usr/local/bin:/usr/bin:/opt/android-sdk/platform-tools:/home/heacker/.dotnet/tools:/usr/lib/jvm/default/bin:/usr/bin/site_perl:/usr/bin/vendor_perl:/usr/bin/core_perl:/opt/android-sdk/platform-tools:/usr/lib/jvm/default/bin
# default
MAKEFILES := 
# environment
MOTD_SHOWN = pam
# automatic
^F = $(notdir $^)
# environment
INVOCATION_ID = fab64d5eadf44d48954c40a006406497
# environment
VSCODE_LOG_NATIVE = false
# makefile (from 'makefile', line 3)
IMGUIDIR = ./gui
# automatic
?F = $(notdir $?)
# environment
XDG_SEAT = seat0
# automatic
+F = $(notdir $+)
# environment
ORIGINAL_XDG_CURRENT_DESKTOP = undefined
 
# 'override' directive
GNUMAKEFLAGS := 
# environment
LOGNAME = heacker
# environment
XDG_VTNR = 1
# makefile
.DEFAULT_GOAL := default
# environment
SYSTEMD_EXEC_PID = 470
# environment
EDITOR = vim
# environment
DISPLAY = :0
# environment
USER = heacker
# default
MAKE_VERSION := 4.3
# makefile (from 'makefile', line 2)
LDFLAGS = -lglfw -lGL -lrt -lm -lX11 -lpthread -lXrandr -lXi -ldl -lxcb -lXau -lXdmcp -lassimp -g
# environment
_ = /usr/bin/make
# environment
XDG_RUNTIME_DIR = /run/user/1000
# makefile (from 'makefile', line 1)
CFLAGS = -c -g -Wall
# environment
XDG_SESSION_CLASS = user
# environment
VSCODE_AMD_ENTRYPOINT = vs/workbench/api/node/extensionHostProcess
# environment
HOME = /home/heacker
# environment
ELECTRON_RUN_AS_NODE = 1
# environment
VSCODE_IPC_HOOK = /run/user/1000/vscode-6d4e84e8-1.68.1-main.sock
# environment
TERM = linux
# environment
XDG_SESSION_ID = 1
# default
.RECIPEPREFIX := 
# automatic
<F = $(notdir $<)
# default
SUFFIXES := 
# environment
VSCODE_CLI = 1
# environment
ELECTRON_NO_ATTACH_CONSOLE = 1
# default
.FEATURES := target-specific order-only second-expansion else-if shortest-stem undefine oneshell nocomment grouped-target extra-prereqs archives jobserver output-sync check-symlink guile load
# makefile (from 'makefile', line 4)
BUILDDIR = ./bin
# environment
DOTNET_ROOT = /usr/share/dotnet
# variable set hash-table stats:
# Load=87/1024=8%, Rehash=0, Collisions=3/151=2%

# Pattern-specific Variable Values

# No pattern-specific variable values.

# Directories

# gui (device 2051, inode 1482766): 15 files, no impossibilities.
 
# gui/backends (device 2051, inode 1483008): 7 files, no impossibilities.
# . (device 2051, inode 1447545): 17 files, no impossibilities.
# bin (device 2051, inode 1482753): 16 files, no impossibilities.

# 55 files, no impossibilities in 4 directories.

# Implicit Rules

# No implicit rules.

# Files

# Not a target:
bin/imgui.o:
#  Implicit rule search has not been done.
#  Modification time never checked.
#  File has not been updated.

# Not a target:
gui/backends/imgui_impl_opengl3.cpp:
#  Implicit rule search has not been done.
#  Modification time never checked.
#  File has not been updated.

imgui: gui/imgui.cpp gui/imgui_demo.cpp gui/imgui_draw.cpp gui/imgui_tables.cpp gui/imgui_widgets.cpp gui/imconfig.h gui/imgui.h gui/imgui_internal.h gui/imstb_rectpack.h gui/imstb_textedit.h gui/imstb_truetype.h gui/backends/imgui_impl_glfw.cpp gui/backends/imgui_impl_opengl3.cpp gui/backends/imgui_impl_glfw.h gui/backends/imgui_impl_opengl3.h gui/backends/imgui_impl_opengl3_loader.h bin
#  Implicit rule search has not been done.
#  Modification time never checked.
#  File has not been updated.
#  recipe to execute (from 'makefile', line 43):
	$(CXX) $(IMGUIDIR)/imgui.cpp $(CFLAGS) -o $(BUILDDIR)/imgui.o
	$(CXX) $(IMGUIDIR)/imgui_demo.cpp $(CFLAGS) -o $(BUILDDIR)/imgui_demo.o
	$(CXX) $(IMGUIDIR)/imgui_tables.cpp $(CFLAGS) -o $(BUILDDIR)/imgui_tables.o
	$(CXX) $(IMGUIDIR)/imgui_widgets.cpp $(CFLAGS) -o $(BUILDDIR)/imgui_widgets.o
	$(CXX) $(IMGUIDIR)/imgui_draw.cpp $(CFLAGS) -o $(BUILDDIR)/imgui_draw.o
	$(CXX) $(IMGUIDIR)/backends/imgui_impl_glfw.cpp $(CFLAGS) -I$(IMGUIDIR) -o $(BUILDDIR)/imgui_impl_glfw.o
	$(CXX) $(IMGUIDIR)/backends/imgui_impl_opengl3.cpp $(CFLAGS) -I$(IMGUIDIR) -o $(BUILDDIR)/imgui_impl_opengl3.o

# Not a target:
headers/bone.h:
#  Implicit rule search has not been done.
 
#  Modification time never checked.
#  File has not been updated.

# Not a target:
src/glad.c:
#  Implicit rule search has been done.
#  Last modified 2022-06-18 01:21:06.888830756
#  File has been updated.
#  Successfully updated.

bin/main.o: src/main.cpp bin
#  Implicit rule search has not been done.
#  Modification time never checked.
#  File has not been updated.
#  recipe to execute (from 'makefile', line 22):
	$(CXX) src/main.cpp $(CFLAGS) -I$(IMGUIDIR) -I$(IMGUIDIR)/backends -o $(BUILDDIR)/main.o

default: all link
#  Implicit rule search has not been done.
#  Modification time never checked.
#  File has not been updated.

# Not a target:
headers/libs/stb_image.h:
#  Implicit rule search has been done.
#  Last modified 2022-06-01 13:21:00.011890738
#  File has been updated.
#  Successfully updated.

# Not a target:
headers/shader.h:
#  Implicit rule search has not been done.
#  Modification time never checked.
 
#  File has not been updated.

# Not a target:
gui/imgui_tables.cpp:
#  Implicit rule search has not been done.
#  Modification time never checked.
#  File has not been updated.

# Not a target:
bin/imgui_widgets.o:
#  Implicit rule search has not been done.
#  Modification time never checked.
#  File has not been updated.

# Not a target:
bin/imgui_draw.o:
#  Implicit rule search has not been done.
#  Modification time never checked.
#  File has not been updated.

# Not a target:
bin/imgui_impl_opengl3.o:
#  Implicit rule search has not been done.
#  Modification time never checked.
#  File has not been updated.

bin/glad.o: src/glad.c bin
#  Implicit rule search has not been done.
#  Implicit/static pattern stem: ''
 
#  Last modified 2022-06-18 01:24:12.625495738
#  File has been updated.
#  Needs to be updated (-q is set).
# automatic
# @ := bin/glad.o
# automatic
# * := 
# automatic
# < := src/glad.c
# automatic
# + := src/glad.c bin
# automatic
# % := 
# automatic
# ^ := src/glad.c bin
# automatic
# ? := bin
# automatic
# | := 
# variable set hash-table stats:
# Load=8/32=25%, Rehash=0, Collisions=2/14=14%
#  recipe to execute (from 'makefile', line 25):
	$(CC) src/glad.c $(CFLAGS) -o $(BUILDDIR)/glad.o

bin/shader.o: src/shader.cpp headers/shader.h bin
#  Implicit rule search has not been done.
#  Modification time never checked.
#  File has not been updated.
#  recipe to execute (from 'makefile', line 28):
	$(CXX) src/shader.cpp $(CFLAGS) -o $(BUILDDIR)/shader.o

bin/mesh.o: src/mesh.cpp headers/mesh.h bin
 
#  Implicit rule search has not been done.
#  Modification time never checked.
#  File has not been updated.
#  recipe to execute (from 'makefile', line 37):
	$(CXX) src/mesh.cpp $(CFLAGS) -o $(BUILDDIR)/mesh.o

# Not a target:
bin/imgui_impl_glfw.o:
#  Implicit rule search has not been done.
#  Modification time never checked.
#  File has not been updated.

# Not a target:
src/main.cpp:
#  Implicit rule search has not been done.
#  Modification time never checked.
#  File has not been updated.

# Not a target:
src/stb_image.c:
#  Implicit rule search has been done.
#  Last modified 2022-06-18 01:21:11.432164048
#  File has been updated.
#  Successfully updated.

# Not a target:
bin/imgui_tables.o:
#  Implicit rule search has not been done.
#  Modification time never checked.
#  File has not been updated.

clean:
#  Implicit rule search has not been done.
#  Modification time never checked.
#  File has not been updated.
#  recipe to execute (from 'makefile', line 12):
	rm $(BUILDDIR)/*  || echo "all the object files are deleted already"
	rm -d $(BUILDDIR) || echo "the bin directory is alredy deleted"
	rm ./load         || echo "the binary is deleted already"

# Not a target:
bin/imgui_demo.o:
#  Implicit rule search has not been done.
 
#  Modification time never checked.
#  File has not been updated.

# Not a target:
gui/imstb_truetype.h:
#  Implicit rule search has not been done.
#  Modification time never checked.
#  File has not been updated.

# Not a target:
gui/imconfig.h:
#  Implicit rule search has not been done.
#  Modification time never checked.
#  File has not been updated.

# Not a target:
gui/imstb_rectpack.h:
#  Implicit rule search has not been done.
#  Modification time never checked.
#  File has not been updated.

# Not a target:
gui/imgui_internal.h:
#  Implicit rule search has not been done.
#  Modification time never checked.
#  File has not been updated.

# Not a target:
gui/imstb_textedit.h:
#  Implicit rule search has not been done.
#  Modification time never checked.
#  File has not been updated.

# Not a target:
headers/model.h:
#  Implicit rule search has not been done.
#  Modification time never checked.
#  File has not been updated.

# Not a target:
.DEFAULT:
#  Implicit rule search has not been done.
#  Modification time never checked.
#  File has not been updated.

# Not a target:
 
gui/backends/imgui_impl_glfw.cpp:
#  Implicit rule search has not been done.
#  Modification time never checked.
#  File has not been updated.

all: bin/stbi.o bin/glad.o imgui bin/shader.o bin/mesh.o bin/bone.o bin/model.o bin/main.o
#  Command line target.
#  Implicit rule search has been done.
#  File does not exist.
#  File has been updated.
#  Needs to be updated (-q is set).
# variable set hash-table stats:
# Load=0/32=0%, Rehash=0, Collisions=0/6=0%

# Not a target:
src/bone.cpp:
#  Implicit rule search has not been done.
#  Modification time never checked.
#  File has not been updated.

link: bin/bone.o bin/glad.o bin/imgui.o bin/imgui_demo.o bin/imgui_draw.o bin/imgui_impl_glfw.o bin/imgui_impl_opengl3.o bin/imgui_tables.o bin/imgui_widgets.o bin/main.o bin/mesh.o bin/model.o bin/shader.o bin/stbi.o
#  Implicit rule search has not been done.
#  Modification time never checked.
#  File has not been updated.
#  recipe to execute (from 'makefile', line 19):
	$(CXX) $(BUILDDIR)/*.o $(LDFLAGS) -o load

 
realise:
#  Implicit rule search has not been done.
#  Modification time never checked.
#  File has not been updated.
#  recipe to execute (from 'makefile', line 52):
	$(CXX) glad.c stb_image.c shader.cpp mesh.cpp model.cpp bone.cpp main.cpp $(LDFLAGS)0 -o load3

# Not a target:
src/mesh.cpp:
#  Implicit rule search has not been done.
#  Modification time never checked.
#  File has not been updated.

# Not a target:
gui/imgui.cpp:
#  Implicit rule search has not been done.
#  Modification time never checked.
#  File has not been updated.

# Not a target:
gui/imgui_demo.cpp:
#  Implicit rule search has not been done.
#  Modification time never checked.
#  File has not been updated.

# Not a target:
src/model.cpp:
#  Implicit rule search has not been done.
#  Modification time never checked.
#  File has not been updated.

bin:
#  Implicit rule search has not been done.
#  Last modified 2022-06-18 01:24:19.35882901
#  File has been updated.
#  Successfully updated.
#  recipe to execute (from 'makefile', line 9):
	find bin -quit || mkdir bin

# Not a target:
gui/imgui_widgets.cpp:
#  Implicit rule search has not been done.
#  Modification time never checked.
#  File has not been updated.

# Not a target:
headers/mesh.h:
#  Implicit rule search has not been done.
#  Modification time never checked.
#  File has not been updated.

# Not a target:
makefile:
#  Implicit rule search has been done.
#  Last modified 2022-06-18 01:21:56.07883031
#  File has been updated.
#  Successfully updated.

install: all
#  Implicit rule search has not been done.
#  Modification time never checked.
#  File has not been updated.
#  recipe to execute (from 'makefile', line 55):
	mv load /usr/bin/
	make clean

# Not a target:
gui/imgui_draw.cpp:
#  Implicit rule search has not been done.
#  Modification time never checked.
#  File has not been updated.

bin/model.o: src/model.cpp headers/model.h bin
#  Implicit rule search has not been done.
#  Modification time never checked.
#  File has not been updated.
#  recipe to execute (from 'makefile', line 34):
	$(CXX) src/model.cpp $(CFLAGS) -o $(BUILDDIR)/model.o

bin/bone.o: src/bone.cpp headers/bone.h bin
#  Implicit rule search has not been done.
#  Modification time never checked.
#  File has not been updated.
#  recipe to execute (from 'makefile', line 40):
	$(CXX) src/bone.cpp $(CFLAGS) -o $(BUILDDIR)/bone.o

# Not a target:
.SUFFIXES:
#  Implicit rule search has not been done.
#  Modification time never checked.
#  File has not been updated.

# Not a target:
src/shader.cpp:
#  Implicit rule search has not been done.
#  Modification time never checked.
#  File has not been updated.

# Not a target:
gui/backends/imgui_impl_opengl3.h:
#  Implicit rule search has not been done.
#  Modification time never checked.
#  File has not been updated.

# Not a target:
gui/imgui.h:
#  Implicit rule search has not been done.
#  Modification time never checked.
#  File has not been updated.

bin/stbi.o: src/stb_image.c headers/libs/stb_image.h bin
#  Implicit rule search has not been done.
#  Last modified 2022-06-18 01:24:19.445495675
#  File has been updated.
#  Successfully updated.
#  recipe to execute (from 'makefile', line 31):
	$(CC) src/stb_image.c $(CFLAGS) -o $(BUILDDIR)/stbi.o

# Not a target:
gui/backends/imgui_impl_glfw.h:
#  Implicit rule search has not been done.
#  Modification time never checked.
#  File has not been updated.

# Not a target:
gui/backends/imgui_impl_opengl3_loader.h:
#  Implicit rule search has not been done.
#  Modification time never checked.
#  File has not been updated.

# files hash-table stats:
# Load=53/1024=5%, Rehash=0, Collisions=3/135=2%
# VPATH Search Paths

# No 'vpath' search paths.

# No general ('VPATH' variable) search path.

# strcache buffers: 1 (0) / strings = 102 / storage = 1441 B / avg = 14 B
# current buf: size = 8162 B / used = 1441 B / count = 102 / avg = 14 B

# strcache performance: lookups = 159 / hit rate = 35%
# hash-table stats:
# Load=102/8192=1%, Rehash=0, Collisions=0/159=0%
# Finished Make data base on Sat Jun 18 01:57:48 2022

 
